<?xml version="1.0" encoding="UTF-8"?>
<coverage generated="1654556196728" clover="3.2.0">
  <project timestamp="1654556196728" name="All files">
    <metrics statements="97" coveredstatements="83" conditionals="50" coveredconditionals="36" methods="20" coveredmethods="17" elements="167" coveredelements="136" complexity="0" loc="97" ncloc="97" packages="1" files="2" classes="2"/>
    <file name="part.js" path="C:\Users\Ralph\OneDrive\ARA\Semester 4\Mobile and Web Development\000 Assessment 3 000\Assessment 2 Model with Jest Tests\src\part.js">
      <metrics statements="5" coveredstatements="5" conditionals="0" coveredconditionals="0" methods="1" coveredmethods="1"/>
      <line num="6" count="18" type="stmt"/>
      <line num="8" count="236" type="stmt"/>
      <line num="9" count="236" type="stmt"/>
      <line num="10" count="236" type="stmt"/>
      <line num="11" count="236" type="stmt"/>
    </file>
    <file name="partsStorage.js" path="C:\Users\Ralph\OneDrive\ARA\Semester 4\Mobile and Web Development\000 Assessment 3 000\Assessment 2 Model with Jest Tests\src\partsStorage.js">
      <metrics statements="92" coveredstatements="78" conditionals="50" coveredconditionals="36" methods="19" coveredmethods="16"/>
      <line num="1" count="17" type="stmt"/>
      <line num="3" count="17" type="stmt"/>
      <line num="5" count="76" type="stmt"/>
      <line num="6" count="76" type="stmt"/>
      <line num="7" count="76" type="stmt"/>
      <line num="8" count="76" type="stmt"/>
      <line num="9" count="76" type="stmt"/>
      <line num="15" count="214" type="cond" truecount="2" falsecount="0"/>
      <line num="16" count="213" type="stmt"/>
      <line num="17" count="213" type="stmt"/>
      <line num="19" count="1" type="stmt"/>
      <line num="28" count="4" type="stmt"/>
      <line num="29" count="8" type="stmt"/>
      <line num="35" count="3" type="stmt"/>
      <line num="36" count="9" type="cond" truecount="2" falsecount="0"/>
      <line num="37" count="3" type="stmt"/>
      <line num="38" count="3" type="stmt"/>
      <line num="46" count="4" type="stmt"/>
      <line num="47" count="4" type="stmt"/>
      <line num="48" count="20" type="cond" truecount="2" falsecount="0"/>
      <line num="49" count="12" type="stmt"/>
      <line num="57" count="4" type="stmt"/>
      <line num="58" count="20" type="cond" truecount="2" falsecount="0"/>
      <line num="59" count="12" type="stmt"/>
      <line num="67" count="4" type="stmt"/>
      <line num="68" count="20" type="cond" truecount="2" falsecount="0"/>
      <line num="69" count="12" type="stmt"/>
      <line num="78" count="0" type="stmt"/>
      <line num="79" count="0" type="stmt"/>
      <line num="85" count="0" type="stmt"/>
      <line num="86" count="0" type="stmt"/>
      <line num="93" count="15" type="cond" truecount="2" falsecount="0"/>
      <line num="95" count="14" type="stmt"/>
      <line num="96" count="26" type="cond" truecount="2" falsecount="0"/>
      <line num="98" count="13" type="stmt"/>
      <line num="100" count="13" type="cond" truecount="2" falsecount="0"/>
      <line num="101" count="7" type="stmt"/>
      <line num="105" count="6" type="stmt"/>
      <line num="106" count="10" type="cond" truecount="2" falsecount="0"/>
      <line num="107" count="6" type="stmt"/>
      <line num="108" count="6" type="stmt"/>
      <line num="109" count="6" type="stmt"/>
      <line num="110" count="6" type="stmt"/>
      <line num="113" count="4" type="cond" truecount="3" falsecount="1"/>
      <line num="114" count="4" type="stmt"/>
      <line num="121" count="13" type="stmt"/>
      <line num="122" count="13" type="stmt"/>
      <line num="123" count="13" type="stmt"/>
      <line num="125" count="13" type="stmt"/>
      <line num="128" count="13" type="cond" truecount="4" falsecount="0"/>
      <line num="129" count="1" type="stmt"/>
      <line num="133" count="1" type="stmt"/>
      <line num="142" count="0" type="stmt"/>
      <line num="143" count="0" type="cond" truecount="0" falsecount="2"/>
      <line num="144" count="0" type="stmt"/>
      <line num="145" count="0" type="cond" truecount="0" falsecount="2"/>
      <line num="146" count="0" type="stmt"/>
      <line num="147" count="0" type="stmt"/>
      <line num="148" count="0" type="cond" truecount="0" falsecount="4"/>
      <line num="149" count="0" type="stmt"/>
      <line num="152" count="0" type="cond" truecount="0" falsecount="4"/>
      <line num="153" count="0" type="stmt"/>
      <line num="161" count="13" type="stmt"/>
      <line num="162" count="13" type="stmt"/>
      <line num="169" count="238" type="cond" truecount="2" falsecount="0"/>
      <line num="170" count="237" type="cond" truecount="2" falsecount="0"/>
      <line num="171" count="233" type="cond" truecount="2" falsecount="0"/>
      <line num="172" count="231" type="cond" truecount="2" falsecount="0"/>
      <line num="173" count="229" type="stmt"/>
      <line num="178" count="9" type="stmt"/>
      <line num="184" count="4" type="stmt"/>
      <line num="185" count="4" type="cond" truecount="1" falsecount="1"/>
      <line num="186" count="4" type="stmt"/>
      <line num="193" count="2" type="stmt"/>
      <line num="194" count="2" type="stmt"/>
      <line num="195" count="2" type="stmt"/>
      <line num="196" count="6" type="stmt"/>
      <line num="198" count="2" type="stmt"/>
      <line num="199" count="2" type="stmt"/>
      <line num="205" count="5" type="stmt"/>
      <line num="206" count="5" type="stmt"/>
      <line num="207" count="5" type="stmt"/>
      <line num="208" count="5" type="stmt"/>
      <line num="209" count="5" type="stmt"/>
      <line num="215" count="4" type="stmt"/>
      <line num="216" count="16" type="cond" truecount="2" falsecount="0"/>
      <line num="217" count="4" type="stmt"/>
      <line num="220" count="4" type="stmt"/>
      <line num="225" count="2" type="stmt"/>
      <line num="226" count="2" type="stmt"/>
      <line num="227" count="2" type="stmt"/>
      <line num="230" count="2" type="stmt"/>
    </file>
  </project>
</coverage>
