{"C:\\Users\\Ralph\\OneDrive\\ARA\\Semester 4\\Mobile and Web Development\\000 Assessment 3 000\\Assessment 2 Model with Jest Tests\\src\\part.js": {"path":"C:\\Users\\Ralph\\OneDrive\\ARA\\Semester 4\\Mobile and Web Development\\000 Assessment 3 000\\Assessment 2 Model with Jest Tests\\src\\part.js","statementMap":{"0":{"start":{"line":6,"column":0},"end":{"line":13,"column":1}},"1":{"start":{"line":8,"column":8},"end":{"line":8,"column":23}},"2":{"start":{"line":9,"column":8},"end":{"line":9,"column":35}},"3":{"start":{"line":10,"column":8},"end":{"line":10,"column":43}},"4":{"start":{"line":11,"column":8},"end":{"line":11,"column":37}}},"fnMap":{"0":{"name":"(anonymous_0)","decl":{"start":{"line":7,"column":4},"end":{"line":7,"column":5}},"loc":{"start":{"line":7,"column":67},"end":{"line":12,"column":5}},"line":7}},"branchMap":{},"s":{"0":18,"1":236,"2":236,"3":236,"4":236},"f":{"0":236},"b":{},"_coverageSchema":"1a1c01bbd47fc00a2c39e90264f33305004495a9","hash":"d57b7ad63f19dd7d6cfae8b385d0f4e7352d1842"}
,"C:\\Users\\Ralph\\OneDrive\\ARA\\Semester 4\\Mobile and Web Development\\000 Assessment 3 000\\Assessment 2 Model with Jest Tests\\src\\partsStorage.js": {"path":"C:\\Users\\Ralph\\OneDrive\\ARA\\Semester 4\\Mobile and Web Development\\000 Assessment 3 000\\Assessment 2 Model with Jest Tests\\src\\partsStorage.js","statementMap":{"0":{"start":{"line":1,"column":11},"end":{"line":1,"column":28}},"1":{"start":{"line":3,"column":0},"end":{"line":232,"column":1}},"2":{"start":{"line":5,"column":8},"end":{"line":5,"column":28}},"3":{"start":{"line":6,"column":8},"end":{"line":6,"column":30}},"4":{"start":{"line":7,"column":8},"end":{"line":7,"column":35}},"5":{"start":{"line":8,"column":8},"end":{"line":8,"column":39}},"6":{"start":{"line":9,"column":8},"end":{"line":9,"column":36}},"7":{"start":{"line":15,"column":8},"end":{"line":20,"column":9}},"8":{"start":{"line":16,"column":26},"end":{"line":16,"column":85}},"9":{"start":{"line":17,"column":12},"end":{"line":17,"column":41}},"10":{"start":{"line":19,"column":12},"end":{"line":19,"column":35}},"11":{"start":{"line":28,"column":8},"end":{"line":30,"column":11}},"12":{"start":{"line":29,"column":12},"end":{"line":29,"column":30}},"13":{"start":{"line":35,"column":8},"end":{"line":40,"column":9}},"14":{"start":{"line":35,"column":21},"end":{"line":35,"column":22}},"15":{"start":{"line":36,"column":12},"end":{"line":39,"column":13}},"16":{"start":{"line":37,"column":16},"end":{"line":37,"column":44}},"17":{"start":{"line":38,"column":16},"end":{"line":38,"column":20}},"18":{"start":{"line":46,"column":8},"end":{"line":46,"column":35}},"19":{"start":{"line":47,"column":8},"end":{"line":51,"column":9}},"20":{"start":{"line":47,"column":21},"end":{"line":47,"column":22}},"21":{"start":{"line":48,"column":12},"end":{"line":50,"column":13}},"22":{"start":{"line":49,"column":16},"end":{"line":49,"column":63}},"23":{"start":{"line":57,"column":8},"end":{"line":61,"column":9}},"24":{"start":{"line":57,"column":21},"end":{"line":57,"column":22}},"25":{"start":{"line":58,"column":12},"end":{"line":60,"column":13}},"26":{"start":{"line":59,"column":16},"end":{"line":59,"column":67}},"27":{"start":{"line":67,"column":8},"end":{"line":71,"column":9}},"28":{"start":{"line":67,"column":21},"end":{"line":67,"column":22}},"29":{"start":{"line":68,"column":12},"end":{"line":70,"column":13}},"30":{"start":{"line":69,"column":16},"end":{"line":69,"column":64}},"31":{"start":{"line":78,"column":24},"end":{"line":78,"column":55}},"32":{"start":{"line":79,"column":8},"end":{"line":79,"column":47}},"33":{"start":{"line":85,"column":20},"end":{"line":85,"column":49}},"34":{"start":{"line":86,"column":26},"end":{"line":86,"column":41}},"35":{"start":{"line":93,"column":8},"end":{"line":134,"column":9}},"36":{"start":{"line":95,"column":12},"end":{"line":131,"column":13}},"37":{"start":{"line":95,"column":25},"end":{"line":95,"column":26}},"38":{"start":{"line":96,"column":16},"end":{"line":130,"column":17}},"39":{"start":{"line":98,"column":42},"end":{"line":98,"column":170}},"40":{"start":{"line":100,"column":20},"end":{"line":117,"column":21}},"41":{"start":{"line":101,"column":24},"end":{"line":101,"column":62}},"42":{"start":{"line":105,"column":24},"end":{"line":116,"column":25}},"43":{"start":{"line":105,"column":37},"end":{"line":105,"column":38}},"44":{"start":{"line":106,"column":28},"end":{"line":115,"column":29}},"45":{"start":{"line":107,"column":32},"end":{"line":107,"column":91}},"46":{"start":{"line":108,"column":32},"end":{"line":108,"column":99}},"47":{"start":{"line":109,"column":32},"end":{"line":109,"column":93}},"48":{"start":{"line":110,"column":32},"end":{"line":110,"column":37}},"49":{"start":{"line":113,"column":35},"end":{"line":115,"column":29}},"50":{"start":{"line":114,"column":32},"end":{"line":114,"column":70}},"51":{"start":{"line":121,"column":20},"end":{"line":121,"column":64}},"52":{"start":{"line":122,"column":20},"end":{"line":122,"column":72}},"53":{"start":{"line":123,"column":20},"end":{"line":123,"column":66}},"54":{"start":{"line":125,"column":20},"end":{"line":125,"column":44}},"55":{"start":{"line":128,"column":23},"end":{"line":130,"column":17}},"56":{"start":{"line":129,"column":20},"end":{"line":129,"column":64}},"57":{"start":{"line":133,"column":12},"end":{"line":133,"column":35}},"58":{"start":{"line":142,"column":8},"end":{"line":155,"column":9}},"59":{"start":{"line":142,"column":21},"end":{"line":142,"column":22}},"60":{"start":{"line":143,"column":12},"end":{"line":154,"column":9}},"61":{"start":{"line":144,"column":16},"end":{"line":151,"column":17}},"62":{"start":{"line":144,"column":29},"end":{"line":144,"column":30}},"63":{"start":{"line":145,"column":20},"end":{"line":150,"column":21}},"64":{"start":{"line":146,"column":45},"end":{"line":146,"column":173}},"65":{"start":{"line":147,"column":24},"end":{"line":147,"column":59}},"66":{"start":{"line":148,"column":27},"end":{"line":150,"column":21}},"67":{"start":{"line":149,"column":24},"end":{"line":149,"column":79}},"68":{"start":{"line":152,"column":19},"end":{"line":154,"column":9}},"69":{"start":{"line":153,"column":16},"end":{"line":153,"column":62}},"70":{"start":{"line":161,"column":29},"end":{"line":161,"column":76}},"71":{"start":{"line":162,"column":8},"end":{"line":162,"column":29}},"72":{"start":{"line":169,"column":8},"end":{"line":177,"column":9}},"73":{"start":{"line":170,"column":12},"end":{"line":176,"column":13}},"74":{"start":{"line":171,"column":16},"end":{"line":175,"column":17}},"75":{"start":{"line":172,"column":20},"end":{"line":174,"column":21}},"76":{"start":{"line":173,"column":24},"end":{"line":173,"column":35}},"77":{"start":{"line":178,"column":8},"end":{"line":178,"column":20}},"78":{"start":{"line":184,"column":8},"end":{"line":188,"column":9}},"79":{"start":{"line":184,"column":21},"end":{"line":184,"column":22}},"80":{"start":{"line":185,"column":12},"end":{"line":187,"column":13}},"81":{"start":{"line":186,"column":20},"end":{"line":186,"column":68}},"82":{"start":{"line":193,"column":24},"end":{"line":193,"column":25}},"83":{"start":{"line":194,"column":26},"end":{"line":194,"column":27}},"84":{"start":{"line":195,"column":8},"end":{"line":197,"column":9}},"85":{"start":{"line":195,"column":21},"end":{"line":195,"column":22}},"86":{"start":{"line":196,"column":12},"end":{"line":196,"column":53}},"87":{"start":{"line":198,"column":8},"end":{"line":198,"column":69}},"88":{"start":{"line":199,"column":8},"end":{"line":199,"column":38}},"89":{"start":{"line":205,"column":8},"end":{"line":205,"column":28}},"90":{"start":{"line":206,"column":8},"end":{"line":206,"column":30}},"91":{"start":{"line":207,"column":8},"end":{"line":207,"column":60}},"92":{"start":{"line":208,"column":8},"end":{"line":208,"column":60}},"93":{"start":{"line":209,"column":8},"end":{"line":209,"column":68}},"94":{"start":{"line":215,"column":8},"end":{"line":219,"column":9}},"95":{"start":{"line":215,"column":21},"end":{"line":215,"column":22}},"96":{"start":{"line":216,"column":12},"end":{"line":218,"column":13}},"97":{"start":{"line":217,"column":12},"end":{"line":217,"column":42}},"98":{"start":{"line":220,"column":8},"end":{"line":220,"column":24}},"99":{"start":{"line":225,"column":21},"end":{"line":225,"column":23}},"100":{"start":{"line":226,"column":8},"end":{"line":228,"column":9}},"101":{"start":{"line":226,"column":21},"end":{"line":226,"column":22}},"102":{"start":{"line":227,"column":12},"end":{"line":227,"column":49}},"103":{"start":{"line":230,"column":8},"end":{"line":230,"column":21}}},"fnMap":{"0":{"name":"(anonymous_0)","decl":{"start":{"line":4,"column":4},"end":{"line":4,"column":5}},"loc":{"start":{"line":4,"column":18},"end":{"line":10,"column":5}},"line":4},"1":{"name":"(anonymous_1)","decl":{"start":{"line":14,"column":4},"end":{"line":14,"column":5}},"loc":{"start":{"line":14,"column":63},"end":{"line":21,"column":5}},"line":14},"2":{"name":"(anonymous_2)","decl":{"start":{"line":27,"column":4},"end":{"line":27,"column":5}},"loc":{"start":{"line":27,"column":16},"end":{"line":31,"column":5}},"line":27},"3":{"name":"(anonymous_3)","decl":{"start":{"line":28,"column":29},"end":{"line":28,"column":30}},"loc":{"start":{"line":28,"column":44},"end":{"line":30,"column":9}},"line":28},"4":{"name":"(anonymous_4)","decl":{"start":{"line":34,"column":4},"end":{"line":34,"column":5}},"loc":{"start":{"line":34,"column":25},"end":{"line":41,"column":5}},"line":34},"5":{"name":"(anonymous_5)","decl":{"start":{"line":45,"column":4},"end":{"line":45,"column":5}},"loc":{"start":{"line":45,"column":36},"end":{"line":52,"column":5}},"line":45},"6":{"name":"(anonymous_6)","decl":{"start":{"line":56,"column":4},"end":{"line":56,"column":5}},"loc":{"start":{"line":56,"column":44},"end":{"line":62,"column":5}},"line":56},"7":{"name":"(anonymous_7)","decl":{"start":{"line":66,"column":4},"end":{"line":66,"column":5}},"loc":{"start":{"line":66,"column":38},"end":{"line":72,"column":5}},"line":66},"8":{"name":"(anonymous_8)","decl":{"start":{"line":77,"column":4},"end":{"line":77,"column":5}},"loc":{"start":{"line":77,"column":16},"end":{"line":80,"column":5}},"line":77},"9":{"name":"(anonymous_9)","decl":{"start":{"line":84,"column":4},"end":{"line":84,"column":5}},"loc":{"start":{"line":84,"column":16},"end":{"line":87,"column":5}},"line":84},"10":{"name":"(anonymous_10)","decl":{"start":{"line":91,"column":4},"end":{"line":91,"column":5}},"loc":{"start":{"line":91,"column":79},"end":{"line":135,"column":5}},"line":91},"11":{"name":"(anonymous_11)","decl":{"start":{"line":140,"column":4},"end":{"line":140,"column":5}},"loc":{"start":{"line":140,"column":25},"end":{"line":156,"column":5}},"line":140},"12":{"name":"(anonymous_12)","decl":{"start":{"line":160,"column":4},"end":{"line":160,"column":5}},"loc":{"start":{"line":160,"column":52},"end":{"line":163,"column":5}},"line":160},"13":{"name":"(anonymous_13)","decl":{"start":{"line":168,"column":4},"end":{"line":168,"column":5}},"loc":{"start":{"line":168,"column":89},"end":{"line":179,"column":5}},"line":168},"14":{"name":"(anonymous_14)","decl":{"start":{"line":183,"column":4},"end":{"line":183,"column":5}},"loc":{"start":{"line":183,"column":32},"end":{"line":189,"column":5}},"line":183},"15":{"name":"(anonymous_15)","decl":{"start":{"line":192,"column":4},"end":{"line":192,"column":5}},"loc":{"start":{"line":192,"column":28},"end":{"line":200,"column":5}},"line":192},"16":{"name":"(anonymous_16)","decl":{"start":{"line":204,"column":4},"end":{"line":204,"column":5}},"loc":{"start":{"line":204,"column":20},"end":{"line":210,"column":5}},"line":204},"17":{"name":"(anonymous_17)","decl":{"start":{"line":213,"column":4},"end":{"line":213,"column":5}},"loc":{"start":{"line":213,"column":27},"end":{"line":221,"column":5}},"line":213},"18":{"name":"(anonymous_18)","decl":{"start":{"line":224,"column":4},"end":{"line":224,"column":5}},"loc":{"start":{"line":224,"column":18},"end":{"line":231,"column":5}},"line":224}},"branchMap":{"0":{"loc":{"start":{"line":15,"column":8},"end":{"line":20,"column":9}},"type":"if","locations":[{"start":{"line":15,"column":8},"end":{"line":20,"column":9}},{"start":{"line":18,"column":15},"end":{"line":20,"column":9}}],"line":15},"1":{"loc":{"start":{"line":36,"column":12},"end":{"line":39,"column":13}},"type":"if","locations":[{"start":{"line":36,"column":12},"end":{"line":39,"column":13}},{"start":{},"end":{}}],"line":36},"2":{"loc":{"start":{"line":48,"column":12},"end":{"line":50,"column":13}},"type":"if","locations":[{"start":{"line":48,"column":12},"end":{"line":50,"column":13}},{"start":{},"end":{}}],"line":48},"3":{"loc":{"start":{"line":58,"column":12},"end":{"line":60,"column":13}},"type":"if","locations":[{"start":{"line":58,"column":12},"end":{"line":60,"column":13}},{"start":{},"end":{}}],"line":58},"4":{"loc":{"start":{"line":68,"column":12},"end":{"line":70,"column":13}},"type":"if","locations":[{"start":{"line":68,"column":12},"end":{"line":70,"column":13}},{"start":{},"end":{}}],"line":68},"5":{"loc":{"start":{"line":93,"column":8},"end":{"line":134,"column":9}},"type":"if","locations":[{"start":{"line":93,"column":8},"end":{"line":134,"column":9}},{"start":{"line":132,"column":15},"end":{"line":134,"column":9}}],"line":93},"6":{"loc":{"start":{"line":96,"column":16},"end":{"line":130,"column":17}},"type":"if","locations":[{"start":{"line":96,"column":16},"end":{"line":130,"column":17}},{"start":{"line":128,"column":23},"end":{"line":130,"column":17}}],"line":96},"7":{"loc":{"start":{"line":100,"column":20},"end":{"line":117,"column":21}},"type":"if","locations":[{"start":{"line":100,"column":20},"end":{"line":117,"column":21}},{"start":{"line":104,"column":27},"end":{"line":117,"column":21}}],"line":100},"8":{"loc":{"start":{"line":106,"column":28},"end":{"line":115,"column":29}},"type":"if","locations":[{"start":{"line":106,"column":28},"end":{"line":115,"column":29}},{"start":{"line":113,"column":35},"end":{"line":115,"column":29}}],"line":106},"9":{"loc":{"start":{"line":113,"column":35},"end":{"line":115,"column":29}},"type":"if","locations":[{"start":{"line":113,"column":35},"end":{"line":115,"column":29}},{"start":{},"end":{}}],"line":113},"10":{"loc":{"start":{"line":113,"column":39},"end":{"line":113,"column":114}},"type":"binary-expr","locations":[{"start":{"line":113,"column":39},"end":{"line":113,"column":74}},{"start":{"line":113,"column":78},"end":{"line":113,"column":114}}],"line":113},"11":{"loc":{"start":{"line":128,"column":23},"end":{"line":130,"column":17}},"type":"if","locations":[{"start":{"line":128,"column":23},"end":{"line":130,"column":17}},{"start":{},"end":{}}],"line":128},"12":{"loc":{"start":{"line":128,"column":27},"end":{"line":128,"column":98}},"type":"binary-expr","locations":[{"start":{"line":128,"column":27},"end":{"line":128,"column":60}},{"start":{"line":128,"column":64},"end":{"line":128,"column":98}}],"line":128},"13":{"loc":{"start":{"line":143,"column":12},"end":{"line":154,"column":9}},"type":"if","locations":[{"start":{"line":143,"column":12},"end":{"line":154,"column":9}},{"start":{"line":152,"column":19},"end":{"line":154,"column":9}}],"line":143},"14":{"loc":{"start":{"line":145,"column":20},"end":{"line":150,"column":21}},"type":"if","locations":[{"start":{"line":145,"column":20},"end":{"line":150,"column":21}},{"start":{"line":148,"column":27},"end":{"line":150,"column":21}}],"line":145},"15":{"loc":{"start":{"line":148,"column":27},"end":{"line":150,"column":21}},"type":"if","locations":[{"start":{"line":148,"column":27},"end":{"line":150,"column":21}},{"start":{},"end":{}}],"line":148},"16":{"loc":{"start":{"line":148,"column":31},"end":{"line":148,"column":101}},"type":"binary-expr","locations":[{"start":{"line":148,"column":31},"end":{"line":148,"column":64}},{"start":{"line":148,"column":68},"end":{"line":148,"column":101}}],"line":148},"17":{"loc":{"start":{"line":152,"column":19},"end":{"line":154,"column":9}},"type":"if","locations":[{"start":{"line":152,"column":19},"end":{"line":154,"column":9}},{"start":{},"end":{}}],"line":152},"18":{"loc":{"start":{"line":152,"column":23},"end":{"line":152,"column":92}},"type":"binary-expr","locations":[{"start":{"line":152,"column":23},"end":{"line":152,"column":58}},{"start":{"line":152,"column":62},"end":{"line":152,"column":92}}],"line":152},"19":{"loc":{"start":{"line":169,"column":8},"end":{"line":177,"column":9}},"type":"if","locations":[{"start":{"line":169,"column":8},"end":{"line":177,"column":9}},{"start":{},"end":{}}],"line":169},"20":{"loc":{"start":{"line":170,"column":12},"end":{"line":176,"column":13}},"type":"if","locations":[{"start":{"line":170,"column":12},"end":{"line":176,"column":13}},{"start":{},"end":{}}],"line":170},"21":{"loc":{"start":{"line":171,"column":16},"end":{"line":175,"column":17}},"type":"if","locations":[{"start":{"line":171,"column":16},"end":{"line":175,"column":17}},{"start":{},"end":{}}],"line":171},"22":{"loc":{"start":{"line":172,"column":20},"end":{"line":174,"column":21}},"type":"if","locations":[{"start":{"line":172,"column":20},"end":{"line":174,"column":21}},{"start":{},"end":{}}],"line":172},"23":{"loc":{"start":{"line":185,"column":12},"end":{"line":187,"column":13}},"type":"if","locations":[{"start":{"line":185,"column":12},"end":{"line":187,"column":13}},{"start":{},"end":{}}],"line":185},"24":{"loc":{"start":{"line":216,"column":12},"end":{"line":218,"column":13}},"type":"if","locations":[{"start":{"line":216,"column":12},"end":{"line":218,"column":13}},{"start":{},"end":{}}],"line":216}},"s":{"0":17,"1":17,"2":76,"3":76,"4":76,"5":76,"6":76,"7":214,"8":213,"9":213,"10":1,"11":4,"12":8,"13":3,"14":3,"15":9,"16":3,"17":3,"18":4,"19":4,"20":4,"21":20,"22":12,"23":4,"24":4,"25":20,"26":12,"27":4,"28":4,"29":20,"30":12,"31":0,"32":0,"33":0,"34":0,"35":15,"36":14,"37":14,"38":26,"39":13,"40":13,"41":7,"42":6,"43":6,"44":10,"45":6,"46":6,"47":6,"48":6,"49":4,"50":4,"51":13,"52":13,"53":13,"54":13,"55":13,"56":1,"57":1,"58":0,"59":0,"60":0,"61":0,"62":0,"63":0,"64":0,"65":0,"66":0,"67":0,"68":0,"69":0,"70":13,"71":13,"72":238,"73":237,"74":233,"75":231,"76":229,"77":9,"78":4,"79":4,"80":4,"81":4,"82":2,"83":2,"84":2,"85":2,"86":6,"87":2,"88":2,"89":5,"90":5,"91":5,"92":5,"93":5,"94":4,"95":4,"96":16,"97":4,"98":4,"99":2,"100":2,"101":2,"102":2,"103":2},"f":{"0":76,"1":214,"2":4,"3":8,"4":3,"5":4,"6":4,"7":4,"8":0,"9":0,"10":15,"11":0,"12":13,"13":238,"14":4,"15":2,"16":5,"17":4,"18":2},"b":{"0":[213,1],"1":[3,6],"2":[12,8],"3":[12,8],"4":[12,8],"5":[14,1],"6":[13,13],"7":[7,6],"8":[6,4],"9":[4,0],"10":[4,4],"11":[1,12],"12":[13,1],"13":[0,0],"14":[0,0],"15":[0,0],"16":[0,0],"17":[0,0],"18":[0,0],"19":[237,1],"20":[233,4],"21":[231,2],"22":[229,2],"23":[4,0],"24":[4,12]},"_coverageSchema":"1a1c01bbd47fc00a2c39e90264f33305004495a9","hash":"d8528cb2af7b1f58e01b86227c56fbfeed4c6dc1"}
}
