TN:
SF:src\part.js
FN:7,(anonymous_0)
FNF:1
FNH:1
FNDA:236,(anonymous_0)
DA:6,18
DA:8,236
DA:9,236
DA:10,236
DA:11,236
LF:5
LH:5
BRF:0
BRH:0
end_of_record
TN:
SF:src\partsStorage.js
FN:4,(anonymous_0)
FN:14,(anonymous_1)
FN:27,(anonymous_2)
FN:28,(anonymous_3)
FN:34,(anonymous_4)
FN:45,(anonymous_5)
FN:56,(anonymous_6)
FN:66,(anonymous_7)
FN:77,(anonymous_8)
FN:84,(anonymous_9)
FN:91,(anonymous_10)
FN:140,(anonymous_11)
FN:160,(anonymous_12)
FN:168,(anonymous_13)
FN:183,(anonymous_14)
FN:192,(anonymous_15)
FN:204,(anonymous_16)
FN:213,(anonymous_17)
FN:224,(anonymous_18)
FNF:19
FNH:16
FNDA:76,(anonymous_0)
FNDA:214,(anonymous_1)
FNDA:4,(anonymous_2)
FNDA:8,(anonymous_3)
FNDA:3,(anonymous_4)
FNDA:4,(anonymous_5)
FNDA:4,(anonymous_6)
FNDA:4,(anonymous_7)
FNDA:0,(anonymous_8)
FNDA:0,(anonymous_9)
FNDA:15,(anonymous_10)
FNDA:0,(anonymous_11)
FNDA:13,(anonymous_12)
FNDA:238,(anonymous_13)
FNDA:4,(anonymous_14)
FNDA:2,(anonymous_15)
FNDA:5,(anonymous_16)
FNDA:4,(anonymous_17)
FNDA:2,(anonymous_18)
DA:1,17
DA:3,17
DA:5,76
DA:6,76
DA:7,76
DA:8,76
DA:9,76
DA:15,214
DA:16,213
DA:17,213
DA:19,1
DA:28,4
DA:29,8
DA:35,3
DA:36,9
DA:37,3
DA:38,3
DA:46,4
DA:47,4
DA:48,20
DA:49,12
DA:57,4
DA:58,20
DA:59,12
DA:67,4
DA:68,20
DA:69,12
DA:78,0
DA:79,0
DA:85,0
DA:86,0
DA:93,15
DA:95,14
DA:96,26
DA:98,13
DA:100,13
DA:101,7
DA:105,6
DA:106,10
DA:107,6
DA:108,6
DA:109,6
DA:110,6
DA:113,4
DA:114,4
DA:121,13
DA:122,13
DA:123,13
DA:125,13
DA:128,13
DA:129,1
DA:133,1
DA:142,0
DA:143,0
DA:144,0
DA:145,0
DA:146,0
DA:147,0
DA:148,0
DA:149,0
DA:152,0
DA:153,0
DA:161,13
DA:162,13
DA:169,238
DA:170,237
DA:171,233
DA:172,231
DA:173,229
DA:178,9
DA:184,4
DA:185,4
DA:186,4
DA:193,2
DA:194,2
DA:195,2
DA:196,6
DA:198,2
DA:199,2
DA:205,5
DA:206,5
DA:207,5
DA:208,5
DA:209,5
DA:215,4
DA:216,16
DA:217,4
DA:220,4
DA:225,2
DA:226,2
DA:227,2
DA:230,2
LF:92
LH:78
BRDA:15,0,0,213
BRDA:15,0,1,1
BRDA:36,1,0,3
BRDA:36,1,1,6
BRDA:48,2,0,12
BRDA:48,2,1,8
BRDA:58,3,0,12
BRDA:58,3,1,8
BRDA:68,4,0,12
BRDA:68,4,1,8
BRDA:93,5,0,14
BRDA:93,5,1,1
BRDA:96,6,0,13
BRDA:96,6,1,13
BRDA:100,7,0,7
BRDA:100,7,1,6
BRDA:106,8,0,6
BRDA:106,8,1,4
BRDA:113,9,0,4
BRDA:113,9,1,0
BRDA:113,10,0,4
BRDA:113,10,1,4
BRDA:128,11,0,1
BRDA:128,11,1,12
BRDA:128,12,0,13
BRDA:128,12,1,1
BRDA:143,13,0,0
BRDA:143,13,1,0
BRDA:145,14,0,0
BRDA:145,14,1,0
BRDA:148,15,0,0
BRDA:148,15,1,0
BRDA:148,16,0,0
BRDA:148,16,1,0
BRDA:152,17,0,0
BRDA:152,17,1,0
BRDA:152,18,0,0
BRDA:152,18,1,0
BRDA:169,19,0,237
BRDA:169,19,1,1
BRDA:170,20,0,233
BRDA:170,20,1,4
BRDA:171,21,0,231
BRDA:171,21,1,2
BRDA:172,22,0,229
BRDA:172,22,1,2
BRDA:185,23,0,4
BRDA:185,23,1,0
BRDA:216,24,0,4
BRDA:216,24,1,12
BRF:50
BRH:36
end_of_record
